2019-10-15 11:04:33,453 [Worker-4] INFO  o.e.m.c.i.l.LifecycleMappingFactory - Using org.maven.ide.eclipse.wtp.WarLifecycleMapping lifecycle mapping for MavenProject: com.SuperemeAppealReporter:SuperemeAppealReporter:0.0.1-SNAPSHOT @ C:\Users\saurabh.srivastava\Videos\SAR\SuperemeAppealReporter\pom.xml.
2019-10-15 11:04:39,507 [Worker-4] INFO  o.e.m.j.i.AbstractJavaProjectConfigurator - Adding source folder /SuperemeAppealReporter/src/main/java
2019-10-15 11:04:39,508 [Worker-4] INFO  o.e.m.j.i.AbstractJavaProjectConfigurator - Adding resource folder /SuperemeAppealReporter/src/main/resources
2019-10-15 11:04:39,520 [Worker-4] INFO  o.e.m.j.i.AbstractJavaProjectConfigurator - Adding resource folder /SuperemeAppealReporter/src/main/resources
2019-10-15 11:04:39,533 [Worker-4] INFO  o.e.m.j.i.AbstractJavaProjectConfigurator - Adding source folder /SuperemeAppealReporter/src/test/java
2019-10-15 11:04:45,812 [Worker-4] INFO  o.e.m.c.i.p.ProjectConfigurationManager - Imported and configured 1 project(s) in 16 sec
2019-10-15 11:04:51,079 [Worker-7] INFO  o.e.m.c.i.embedder.EclipseLogger - Using 'UTF-8' encoding to copy filtered resources.
2019-10-15 11:04:51,083 [Worker-7] INFO  o.e.m.c.i.embedder.EclipseLogger - Copying 1 resource
2019-10-15 11:04:51,098 [Worker-7] INFO  o.e.m.c.i.embedder.EclipseLogger - Copying 6 resources
2019-10-15 11:04:51,137 [Worker-7] INFO  o.e.m.c.i.embedder.EclipseLogger - Using 'UTF-8' encoding to copy filtered resources.
2019-10-15 11:04:51,138 [Worker-7] INFO  o.e.m.c.i.embedder.EclipseLogger - skip non existing resourceDirectory C:\Users\saurabh.srivastava\Videos\SAR\SuperemeAppealReporter\src\test\resources
2019-10-15 11:05:36,123 [Worker-7] INFO  o.e.m.i.launch.MavenLaunchDelegate - C:\Users\saurabh.srivastava\Videos\SAR\SuperemeAppealReporter
2019-10-15 11:05:36,123 [Worker-7] INFO  o.e.m.i.launch.MavenLaunchDelegate -  mvn  -B clean
2019-10-15 11:05:39,693 [Worker-13] INFO  o.e.m.c.i.embedder.EclipseLogger - Using 'UTF-8' encoding to copy filtered resources.
2019-10-15 11:05:39,697 [Worker-13] INFO  o.e.m.c.i.embedder.EclipseLogger - Copying 1 resource
2019-10-15 11:05:39,704 [Worker-13] INFO  o.e.m.c.i.embedder.EclipseLogger - Copying 6 resources
2019-10-15 11:05:39,741 [Worker-13] INFO  o.e.m.c.i.embedder.EclipseLogger - Using 'UTF-8' encoding to copy filtered resources.
2019-10-15 11:05:39,741 [Worker-13] INFO  o.e.m.c.i.embedder.EclipseLogger - skip non existing resourceDirectory C:\Users\saurabh.srivastava\Videos\SAR\SuperemeAppealReporter\src\test\resources
2019-10-15 11:05:39,742 [Worker-13] INFO  o.e.m.w.i.f.ResourceFilteringBuildParticipant - Changed resources require a complete clean of filtered resources of SuperemeAppealReporter
2019-10-15 11:05:39,743 [Worker-13] INFO  o.e.m.w.i.f.ResourceFilteringBuildParticipant - Executing resource filtering for SuperemeAppealReporter
2019-10-15 11:05:39,749 [Worker-13] INFO  o.e.m.c.i.embedder.EclipseLogger - Using 'UTF-8' encoding to copy filtered resources.
2019-10-15 11:05:52,384 [Worker-1] INFO  o.e.m.i.launch.MavenLaunchDelegate - C:\Users\saurabh.srivastava\Videos\SAR\SuperemeAppealReporter
2019-10-15 11:05:52,384 [Worker-1] INFO  o.e.m.i.launch.MavenLaunchDelegate -  mvn  -B install
2019-10-15 11:05:57,378 [Worker-2] INFO  o.e.m.c.i.embedder.EclipseLogger - Using 'UTF-8' encoding to copy filtered resources.
2019-10-15 11:05:57,380 [Worker-2] INFO  o.e.m.c.i.embedder.EclipseLogger - Copying 1 resource
2019-10-15 11:05:57,384 [Worker-2] INFO  o.e.m.c.i.embedder.EclipseLogger - Copying 6 resources
2019-10-15 11:05:57,387 [Worker-2] INFO  o.e.m.c.i.embedder.EclipseLogger - Using 'UTF-8' encoding to copy filtered resources.
2019-10-15 11:05:57,387 [Worker-2] INFO  o.e.m.c.i.embedder.EclipseLogger - skip non existing resourceDirectory C:\Users\saurabh.srivastava\Videos\SAR\SuperemeAppealReporter\src\test\resources
2019-10-15 11:16:56,959 [Worker-17] INFO  o.e.m.c.i.embedder.EclipseLogger - Using 'UTF-8' encoding to copy filtered resources.
2019-10-15 11:16:56,962 [Worker-17] INFO  o.e.m.c.i.embedder.EclipseLogger - Copying 1 resource
2019-10-15 11:16:56,967 [Worker-17] INFO  o.e.m.c.i.embedder.EclipseLogger - Copying 6 resources
2019-10-15 11:16:56,971 [Worker-17] INFO  o.e.m.c.i.embedder.EclipseLogger - Using 'UTF-8' encoding to copy filtered resources.
2019-10-15 11:16:56,971 [Worker-17] INFO  o.e.m.c.i.embedder.EclipseLogger - skip non existing resourceDirectory C:\Users\saurabh.srivastava\Videos\SAR\SuperemeAppealReporter\src\test\resources
2019-10-15 11:26:49,822 [Worker-1] INFO  o.e.m.c.i.embedder.EclipseLogger - Copying 6 resources
2019-10-15 11:26:49,825 [Worker-1] INFO  o.e.m.c.i.embedder.EclipseLogger - Using 'UTF-8' encoding to copy filtered resources.
2019-10-15 11:26:49,825 [Worker-1] INFO  o.e.m.c.i.embedder.EclipseLogger - skip non existing resourceDirectory C:\Users\saurabh.srivastava\Videos\SAR\SuperemeAppealReporter\src\test\resources
2019-10-15 11:27:08,567 [Worker-1] INFO  o.e.m.c.i.embedder.EclipseLogger - Using 'UTF-8' encoding to copy filtered resources.
2019-10-15 11:27:08,569 [Worker-1] INFO  o.e.m.c.i.embedder.EclipseLogger - Copying 1 resource
2019-10-15 11:27:08,574 [Worker-1] INFO  o.e.m.c.i.embedder.EclipseLogger - Copying 6 resources
2019-10-15 11:27:08,577 [Worker-1] INFO  o.e.m.c.i.embedder.EclipseLogger - Using 'UTF-8' encoding to copy filtered resources.
2019-10-15 11:27:08,577 [Worker-1] INFO  o.e.m.c.i.embedder.EclipseLogger - skip non existing resourceDirectory C:\Users\saurabh.srivastava\Videos\SAR\SuperemeAppealReporter\src\test\resources
2019-10-15 11:39:49,531 [Worker-22] INFO  o.e.m.c.i.embedder.EclipseLogger - Using 'UTF-8' encoding to copy filtered resources.
2019-10-15 11:39:49,534 [Worker-22] INFO  o.e.m.c.i.embedder.EclipseLogger - Copying 1 resource
2019-10-15 11:39:49,540 [Worker-22] INFO  o.e.m.c.i.embedder.EclipseLogger - Copying 6 resources
2019-10-15 11:39:49,543 [Worker-22] INFO  o.e.m.c.i.embedder.EclipseLogger - Using 'UTF-8' encoding to copy filtered resources.
2019-10-15 11:39:49,543 [Worker-22] INFO  o.e.m.c.i.embedder.EclipseLogger - skip non existing resourceDirectory C:\Users\saurabh.srivastava\Videos\SAR\SuperemeAppealReporter\src\test\resources
2019-10-15 11:45:15,558 [Worker-27] INFO  o.e.m.c.i.embedder.EclipseLogger - Using 'UTF-8' encoding to copy filtered resources.
2019-10-15 11:45:15,561 [Worker-27] INFO  o.e.m.c.i.embedder.EclipseLogger - Copying 1 resource
2019-10-15 11:45:15,569 [Worker-27] INFO  o.e.m.c.i.embedder.EclipseLogger - Copying 6 resources
2019-10-15 11:45:15,573 [Worker-27] INFO  o.e.m.c.i.embedder.EclipseLogger - Using 'UTF-8' encoding to copy filtered resources.
2019-10-15 11:45:15,574 [Worker-27] INFO  o.e.m.c.i.embedder.EclipseLogger - skip non existing resourceDirectory C:\Users\saurabh.srivastava\Videos\SAR\SuperemeAppealReporter\src\test\resources
2019-10-15 11:46:08,283 [Worker-27] INFO  o.e.m.c.i.embedder.EclipseLogger - Using 'UTF-8' encoding to copy filtered resources.
2019-10-15 11:46:08,285 [Worker-27] INFO  o.e.m.c.i.embedder.EclipseLogger - Copying 1 resource
2019-10-15 11:46:08,292 [Worker-27] INFO  o.e.m.c.i.embedder.EclipseLogger - Copying 6 resources
2019-10-15 11:46:08,295 [Worker-27] INFO  o.e.m.c.i.embedder.EclipseLogger - Using 'UTF-8' encoding to copy filtered resources.
2019-10-15 11:46:08,296 [Worker-27] INFO  o.e.m.c.i.embedder.EclipseLogger - skip non existing resourceDirectory C:\Users\saurabh.srivastava\Videos\SAR\SuperemeAppealReporter\src\test\resources
2019-10-15 11:46:48,897 [Worker-29] INFO  o.e.m.c.i.embedder.EclipseLogger - Using 'UTF-8' encoding to copy filtered resources.
2019-10-15 11:46:48,899 [Worker-29] INFO  o.e.m.c.i.embedder.EclipseLogger - Copying 1 resource
2019-10-15 11:46:48,906 [Worker-29] INFO  o.e.m.c.i.embedder.EclipseLogger - Copying 6 resources
2019-10-15 11:46:48,909 [Worker-29] INFO  o.e.m.c.i.embedder.EclipseLogger - Using 'UTF-8' encoding to copy filtered resources.
2019-10-15 11:46:48,909 [Worker-29] INFO  o.e.m.c.i.embedder.EclipseLogger - skip non existing resourceDirectory C:\Users\saurabh.srivastava\Videos\SAR\SuperemeAppealReporter\src\test\resources
2019-10-15 11:47:10,663 [Worker-29] INFO  o.e.m.c.i.embedder.EclipseLogger - Using 'UTF-8' encoding to copy filtered resources.
2019-10-15 11:47:10,665 [Worker-29] INFO  o.e.m.c.i.embedder.EclipseLogger - Copying 1 resource
2019-10-15 11:47:10,668 [Worker-29] INFO  o.e.m.c.i.embedder.EclipseLogger - Copying 6 resources
2019-10-15 11:47:10,671 [Worker-29] INFO  o.e.m.c.i.embedder.EclipseLogger - Using 'UTF-8' encoding to copy filtered resources.
2019-10-15 11:47:10,672 [Worker-29] INFO  o.e.m.c.i.embedder.EclipseLogger - skip non existing resourceDirectory C:\Users\saurabh.srivastava\Videos\SAR\SuperemeAppealReporter\src\test\resources
2019-10-15 11:47:53,950 [Worker-27] INFO  o.e.m.c.i.embedder.EclipseLogger - Using 'UTF-8' encoding to copy filtered resources.
2019-10-15 11:47:53,953 [Worker-27] INFO  o.e.m.c.i.embedder.EclipseLogger - Copying 1 resource
2019-10-15 11:47:53,961 [Worker-27] INFO  o.e.m.c.i.embedder.EclipseLogger - Copying 6 resources
2019-10-15 11:47:53,966 [Worker-27] INFO  o.e.m.c.i.embedder.EclipseLogger - Using 'UTF-8' encoding to copy filtered resources.
2019-10-15 11:47:53,966 [Worker-27] INFO  o.e.m.c.i.embedder.EclipseLogger - skip non existing resourceDirectory C:\Users\saurabh.srivastava\Videos\SAR\SuperemeAppealReporter\src\test\resources
2019-10-15 11:47:57,527 [Worker-32] INFO  o.e.m.c.i.embedder.EclipseLogger - Using 'UTF-8' encoding to copy filtered resources.
2019-10-15 11:47:57,528 [Worker-32] INFO  o.e.m.c.i.embedder.EclipseLogger - Copying 1 resource
2019-10-15 11:47:57,532 [Worker-32] INFO  o.e.m.c.i.embedder.EclipseLogger - Copying 6 resources
2019-10-15 11:47:57,535 [Worker-32] INFO  o.e.m.c.i.embedder.EclipseLogger - Using 'UTF-8' encoding to copy filtered resources.
2019-10-15 11:47:57,535 [Worker-32] INFO  o.e.m.c.i.embedder.EclipseLogger - skip non existing resourceDirectory C:\Users\saurabh.srivastava\Videos\SAR\SuperemeAppealReporter\src\test\resources
2019-10-15 11:48:52,641 [Worker-28] INFO  o.e.m.c.i.embedder.EclipseLogger - Using 'UTF-8' encoding to copy filtered resources.
2019-10-15 11:48:52,644 [Worker-28] INFO  o.e.m.c.i.embedder.EclipseLogger - Copying 1 resource
2019-10-15 11:48:52,652 [Worker-28] INFO  o.e.m.c.i.embedder.EclipseLogger - Copying 6 resources
2019-10-15 11:48:52,656 [Worker-28] INFO  o.e.m.c.i.embedder.EclipseLogger - Using 'UTF-8' encoding to copy filtered resources.
2019-10-15 11:48:52,657 [Worker-28] INFO  o.e.m.c.i.embedder.EclipseLogger - skip non existing resourceDirectory C:\Users\saurabh.srivastava\Videos\SAR\SuperemeAppealReporter\src\test\resources
2019-10-15 11:49:37,606 [Worker-27] INFO  o.e.m.c.i.embedder.EclipseLogger - Using 'UTF-8' encoding to copy filtered resources.
2019-10-15 11:49:37,608 [Worker-27] INFO  o.e.m.c.i.embedder.EclipseLogger - Copying 1 resource
2019-10-15 11:49:37,615 [Worker-27] INFO  o.e.m.c.i.embedder.EclipseLogger - Copying 6 resources
2019-10-15 11:49:37,618 [Worker-27] INFO  o.e.m.c.i.embedder.EclipseLogger - Using 'UTF-8' encoding to copy filtered resources.
2019-10-15 11:49:37,618 [Worker-27] INFO  o.e.m.c.i.embedder.EclipseLogger - skip non existing resourceDirectory C:\Users\saurabh.srivastava\Videos\SAR\SuperemeAppealReporter\src\test\resources
2019-10-15 11:50:46,629 [Worker-32] INFO  o.e.m.c.i.embedder.EclipseLogger - Using 'UTF-8' encoding to copy filtered resources.
2019-10-15 11:50:46,632 [Worker-32] INFO  o.e.m.c.i.embedder.EclipseLogger - Copying 1 resource
2019-10-15 11:50:46,639 [Worker-32] INFO  o.e.m.c.i.embedder.EclipseLogger - Copying 6 resources
2019-10-15 11:50:46,643 [Worker-32] INFO  o.e.m.c.i.embedder.EclipseLogger - Using 'UTF-8' encoding to copy filtered resources.
2019-10-15 11:50:46,643 [Worker-32] INFO  o.e.m.c.i.embedder.EclipseLogger - skip non existing resourceDirectory C:\Users\saurabh.srivastava\Videos\SAR\SuperemeAppealReporter\src\test\resources
2019-10-15 11:51:37,925 [Worker-27] INFO  o.e.m.c.i.embedder.EclipseLogger - Using 'UTF-8' encoding to copy filtered resources.
2019-10-15 11:51:37,928 [Worker-27] INFO  o.e.m.c.i.embedder.EclipseLogger - Copying 0 resource
2019-10-15 11:51:37,929 [Worker-27] INFO  o.e.m.c.i.embedder.EclipseLogger - Copying 7 resources
2019-10-15 11:51:37,959 [Worker-27] INFO  o.e.m.c.i.embedder.EclipseLogger - Using 'UTF-8' encoding to copy filtered resources.
2019-10-15 11:51:37,960 [Worker-27] INFO  o.e.m.c.i.embedder.EclipseLogger - skip non existing resourceDirectory C:\Users\saurabh.srivastava\Videos\SAR\SuperemeAppealReporter\src\test\resources
2019-10-15 11:53:15,975 [Worker-35] INFO  o.e.m.w.i.f.ResourceFilteringBuildParticipant - Cleaning filtered folder for SuperemeAppealReporter
2019-10-15 11:53:18,342 [Worker-36] INFO  o.e.m.c.i.embedder.EclipseLogger - Using 'UTF-8' encoding to copy filtered resources.
2019-10-15 11:53:18,343 [Worker-36] INFO  o.e.m.c.i.embedder.EclipseLogger - Copying 1 resource
2019-10-15 11:53:18,345 [Worker-36] INFO  o.e.m.c.i.embedder.EclipseLogger - Copying 7 resources
2019-10-15 11:53:18,380 [Worker-36] INFO  o.e.m.c.i.embedder.EclipseLogger - Using 'UTF-8' encoding to copy filtered resources.
2019-10-15 11:53:18,381 [Worker-36] INFO  o.e.m.c.i.embedder.EclipseLogger - skip non existing resourceDirectory C:\Users\saurabh.srivastava\Videos\SAR\SuperemeAppealReporter\src\test\resources
2019-10-15 11:53:18,381 [Worker-36] INFO  o.e.m.w.i.f.ResourceFilteringBuildParticipant - Changed resources require a complete clean of filtered resources of SuperemeAppealReporter
2019-10-15 11:53:18,382 [Worker-36] INFO  o.e.m.w.i.f.ResourceFilteringBuildParticipant - Executing resource filtering for SuperemeAppealReporter
2019-10-15 11:53:18,385 [Worker-36] INFO  o.e.m.c.i.embedder.EclipseLogger - Using 'UTF-8' encoding to copy filtered resources.
2019-10-15 11:54:02,876 [Worker-36] INFO  o.e.m.c.i.embedder.EclipseLogger - Using 'UTF-8' encoding to copy filtered resources.
2019-10-15 11:54:02,878 [Worker-36] INFO  o.e.m.c.i.embedder.EclipseLogger - Copying 1 resource
2019-10-15 11:54:02,888 [Worker-36] INFO  o.e.m.c.i.embedder.EclipseLogger - Copying 7 resources
2019-10-15 11:54:02,893 [Worker-36] INFO  o.e.m.c.i.embedder.EclipseLogger - Using 'UTF-8' encoding to copy filtered resources.
2019-10-15 11:54:02,893 [Worker-36] INFO  o.e.m.c.i.embedder.EclipseLogger - skip non existing resourceDirectory C:\Users\saurabh.srivastava\Videos\SAR\SuperemeAppealReporter\src\test\resources
2019-10-15 11:54:14,164 [Worker-36] INFO  o.e.m.c.i.embedder.EclipseLogger - Using 'UTF-8' encoding to copy filtered resources.
2019-10-15 11:54:14,166 [Worker-36] INFO  o.e.m.c.i.embedder.EclipseLogger - Copying 1 resource
2019-10-15 11:54:14,170 [Worker-36] INFO  o.e.m.c.i.embedder.EclipseLogger - Copying 7 resources
2019-10-15 11:54:14,173 [Worker-36] INFO  o.e.m.c.i.embedder.EclipseLogger - Using 'UTF-8' encoding to copy filtered resources.
2019-10-15 11:54:14,173 [Worker-36] INFO  o.e.m.c.i.embedder.EclipseLogger - skip non existing resourceDirectory C:\Users\saurabh.srivastava\Videos\SAR\SuperemeAppealReporter\src\test\resources
2019-10-15 11:54:51,432 [Worker-27] WARN  o.e.r.models.ModelRepository - Failed to download org.eclipse.recommenders:index::zip:0.0.0
org.eclipse.aether.resolution.ArtifactResolutionException: Could not find artifact org.eclipse.recommenders:index:zip:0.0.0-SNAPSHOT in models (http://download.eclipse.org/recommenders/models/mars/)
	at org.eclipse.aether.internal.impl.DefaultArtifactResolver.resolve(DefaultArtifactResolver.java:444) ~[na:na]
	at org.eclipse.aether.internal.impl.DefaultArtifactResolver.resolveArtifacts(DefaultArtifactResolver.java:246) ~[na:na]
	at org.eclipse.aether.internal.impl.DefaultArtifactResolver.resolveArtifact(DefaultArtifactResolver.java:223) ~[na:na]
	at org.eclipse.aether.internal.impl.DefaultRepositorySystem.resolveArtifact(DefaultRepositorySystem.java:294) ~[na:na]
	at org.eclipse.recommenders.models.ModelRepository.resolveInternal(ModelRepository.java:192) [org.eclipse.recommenders.models_2.2.4.v20150914-0857.jar:na]
	at org.eclipse.recommenders.models.ModelRepository.resolve(ModelRepository.java:174) [org.eclipse.recommenders.models_2.2.4.v20150914-0857.jar:na]
	at org.eclipse.recommenders.internal.models.rcp.EclipseModelRepository.resolve(EclipseModelRepository.java:167) [org.eclipse.recommenders.models.rcp_2.2.4.v20150914-0857.jar:na]
	at org.eclipse.recommenders.internal.models.rcp.DownloadModelArchiveJob.run(DownloadModelArchiveJob.java:76) [org.eclipse.recommenders.models.rcp_2.2.4.v20150914-0857.jar:na]
	at org.eclipse.core.internal.jobs.Worker.run(Worker.java:55) [org.eclipse.core.jobs_3.7.0.v20150330-2103.jar:na]
Caused by: org.eclipse.aether.transfer.ArtifactNotFoundException: Could not find artifact org.eclipse.recommenders:index:zip:0.0.0-SNAPSHOT in models (http://download.eclipse.org/recommenders/models/mars/)
	at org.eclipse.aether.connector.basic.ArtifactTransportListener.transferFailed(ArtifactTransportListener.java:39) ~[org.eclipse.aether.connector.basic_1.0.1.v20141111.jar:na]
	at org.eclipse.aether.connector.basic.BasicRepositoryConnector$TaskRunner.run(BasicRepositoryConnector.java:355) ~[org.eclipse.aether.connector.basic_1.0.1.v20141111.jar:na]
	at org.eclipse.aether.util.concurrency.RunnableErrorForwarder$1.run(RunnableErrorForwarder.java:67) ~[na:na]
	at org.eclipse.aether.connector.basic.BasicRepositoryConnector$DirectExecutor.execute(BasicRepositoryConnector.java:581) ~[org.eclipse.aether.connector.basic_1.0.1.v20141111.jar:na]
	at org.eclipse.aether.connector.basic.BasicRepositoryConnector.get(BasicRepositoryConnector.java:249) ~[org.eclipse.aether.connector.basic_1.0.1.v20141111.jar:na]
	at org.eclipse.aether.internal.impl.DefaultArtifactResolver.performDownloads(DefaultArtifactResolver.java:520) ~[na:na]
	at org.eclipse.aether.internal.impl.DefaultArtifactResolver.resolve(DefaultArtifactResolver.java:421) ~[na:na]
	... 8 common frames omitted
2019-10-15 11:54:57,036 [Worker-35] INFO  o.e.m.c.i.embedder.EclipseLogger - Using 'UTF-8' encoding to copy filtered resources.
2019-10-15 11:54:57,039 [Worker-35] INFO  o.e.m.c.i.embedder.EclipseLogger - Copying 1 resource
2019-10-15 11:54:57,047 [Worker-35] INFO  o.e.m.c.i.embedder.EclipseLogger - Copying 7 resources
2019-10-15 11:54:57,051 [Worker-35] INFO  o.e.m.c.i.embedder.EclipseLogger - Using 'UTF-8' encoding to copy filtered resources.
2019-10-15 11:54:57,051 [Worker-35] INFO  o.e.m.c.i.embedder.EclipseLogger - skip non existing resourceDirectory C:\Users\saurabh.srivastava\Videos\SAR\SuperemeAppealReporter\src\test\resources
2019-10-15 11:55:05,047 [Worker-30] INFO  o.e.m.c.i.embedder.EclipseLogger - Using 'UTF-8' encoding to copy filtered resources.
2019-10-15 11:55:05,050 [Worker-30] INFO  o.e.m.c.i.embedder.EclipseLogger - Copying 1 resource
2019-10-15 11:55:05,055 [Worker-30] INFO  o.e.m.c.i.embedder.EclipseLogger - Copying 7 resources
2019-10-15 11:55:05,058 [Worker-30] INFO  o.e.m.c.i.embedder.EclipseLogger - Using 'UTF-8' encoding to copy filtered resources.
2019-10-15 11:55:05,059 [Worker-30] INFO  o.e.m.c.i.embedder.EclipseLogger - skip non existing resourceDirectory C:\Users\saurabh.srivastava\Videos\SAR\SuperemeAppealReporter\src\test\resources
2019-10-15 11:55:40,523 [Worker-37] INFO  o.e.m.c.i.embedder.EclipseLogger - Using 'UTF-8' encoding to copy filtered resources.
2019-10-15 11:55:40,525 [Worker-37] INFO  o.e.m.c.i.embedder.EclipseLogger - Copying 1 resource
2019-10-15 11:55:40,532 [Worker-37] INFO  o.e.m.c.i.embedder.EclipseLogger - Copying 7 resources
2019-10-15 11:55:40,535 [Worker-37] INFO  o.e.m.c.i.embedder.EclipseLogger - Using 'UTF-8' encoding to copy filtered resources.
2019-10-15 11:55:40,535 [Worker-37] INFO  o.e.m.c.i.embedder.EclipseLogger - skip non existing resourceDirectory C:\Users\saurabh.srivastava\Videos\SAR\SuperemeAppealReporter\src\test\resources
2019-10-15 11:56:01,681 [Worker-32] INFO  o.e.m.c.i.embedder.EclipseLogger - Using 'UTF-8' encoding to copy filtered resources.
2019-10-15 11:56:01,683 [Worker-32] INFO  o.e.m.c.i.embedder.EclipseLogger - Copying 1 resource
2019-10-15 11:56:01,686 [Worker-32] INFO  o.e.m.c.i.embedder.EclipseLogger - Copying 7 resources
2019-10-15 11:56:01,689 [Worker-32] INFO  o.e.m.c.i.embedder.EclipseLogger - Using 'UTF-8' encoding to copy filtered resources.
2019-10-15 11:56:01,689 [Worker-32] INFO  o.e.m.c.i.embedder.EclipseLogger - skip non existing resourceDirectory C:\Users\saurabh.srivastava\Videos\SAR\SuperemeAppealReporter\src\test\resources
2019-10-15 11:56:31,117 [Worker-37] INFO  o.e.m.c.i.embedder.EclipseLogger - Using 'UTF-8' encoding to copy filtered resources.
2019-10-15 11:56:31,119 [Worker-37] INFO  o.e.m.c.i.embedder.EclipseLogger - Copying 1 resource
2019-10-15 11:56:31,125 [Worker-37] INFO  o.e.m.c.i.embedder.EclipseLogger - Copying 7 resources
2019-10-15 11:56:31,128 [Worker-37] INFO  o.e.m.c.i.embedder.EclipseLogger - Using 'UTF-8' encoding to copy filtered resources.
2019-10-15 11:56:31,128 [Worker-37] INFO  o.e.m.c.i.embedder.EclipseLogger - skip non existing resourceDirectory C:\Users\saurabh.srivastava\Videos\SAR\SuperemeAppealReporter\src\test\resources
2019-10-15 11:57:26,240 [Worker-38] INFO  o.e.m.c.i.embedder.EclipseLogger - Using 'UTF-8' encoding to copy filtered resources.
2019-10-15 11:57:26,242 [Worker-38] INFO  o.e.m.c.i.embedder.EclipseLogger - Copying 1 resource
2019-10-15 11:57:26,247 [Worker-38] INFO  o.e.m.c.i.embedder.EclipseLogger - Copying 7 resources
2019-10-15 11:57:26,250 [Worker-38] INFO  o.e.m.c.i.embedder.EclipseLogger - Using 'UTF-8' encoding to copy filtered resources.
2019-10-15 11:57:26,250 [Worker-38] INFO  o.e.m.c.i.embedder.EclipseLogger - skip non existing resourceDirectory C:\Users\saurabh.srivastava\Videos\SAR\SuperemeAppealReporter\src\test\resources
2019-10-15 11:57:45,562 [Worker-37] INFO  o.e.m.c.i.embedder.EclipseLogger - Using 'UTF-8' encoding to copy filtered resources.
2019-10-15 11:57:45,565 [Worker-37] INFO  o.e.m.c.i.embedder.EclipseLogger - Copying 1 resource
2019-10-15 11:57:45,571 [Worker-37] INFO  o.e.m.c.i.embedder.EclipseLogger - Copying 7 resources
2019-10-15 11:57:45,575 [Worker-37] INFO  o.e.m.c.i.embedder.EclipseLogger - Using 'UTF-8' encoding to copy filtered resources.
2019-10-15 11:57:45,575 [Worker-37] INFO  o.e.m.c.i.embedder.EclipseLogger - skip non existing resourceDirectory C:\Users\saurabh.srivastava\Videos\SAR\SuperemeAppealReporter\src\test\resources
2019-10-15 11:58:22,036 [Worker-37] INFO  o.e.m.c.i.embedder.EclipseLogger - Using 'UTF-8' encoding to copy filtered resources.
2019-10-15 11:58:22,038 [Worker-37] INFO  o.e.m.c.i.embedder.EclipseLogger - Copying 1 resource
2019-10-15 11:58:22,044 [Worker-37] INFO  o.e.m.c.i.embedder.EclipseLogger - Copying 7 resources
2019-10-15 11:58:22,048 [Worker-37] INFO  o.e.m.c.i.embedder.EclipseLogger - Using 'UTF-8' encoding to copy filtered resources.
2019-10-15 11:58:22,048 [Worker-37] INFO  o.e.m.c.i.embedder.EclipseLogger - skip non existing resourceDirectory C:\Users\saurabh.srivastava\Videos\SAR\SuperemeAppealReporter\src\test\resources
2019-10-15 11:58:41,608 [Worker-32] INFO  o.e.m.c.i.embedder.EclipseLogger - Using 'UTF-8' encoding to copy filtered resources.
2019-10-15 11:58:41,611 [Worker-32] INFO  o.e.m.c.i.embedder.EclipseLogger - Copying 1 resource
2019-10-15 11:58:41,616 [Worker-32] INFO  o.e.m.c.i.embedder.EclipseLogger - Copying 7 resources
2019-10-15 11:58:41,620 [Worker-32] INFO  o.e.m.c.i.embedder.EclipseLogger - Using 'UTF-8' encoding to copy filtered resources.
2019-10-15 11:58:41,620 [Worker-32] INFO  o.e.m.c.i.embedder.EclipseLogger - skip non existing resourceDirectory C:\Users\saurabh.srivastava\Videos\SAR\SuperemeAppealReporter\src\test\resources
2019-10-15 11:59:13,030 [Worker-38] INFO  o.e.m.c.i.embedder.EclipseLogger - Using 'UTF-8' encoding to copy filtered resources.
2019-10-15 11:59:13,032 [Worker-38] INFO  o.e.m.c.i.embedder.EclipseLogger - Copying 1 resource
2019-10-15 11:59:13,037 [Worker-38] INFO  o.e.m.c.i.embedder.EclipseLogger - Copying 7 resources
2019-10-15 11:59:13,040 [Worker-38] INFO  o.e.m.c.i.embedder.EclipseLogger - Using 'UTF-8' encoding to copy filtered resources.
2019-10-15 11:59:13,040 [Worker-38] INFO  o.e.m.c.i.embedder.EclipseLogger - skip non existing resourceDirectory C:\Users\saurabh.srivastava\Videos\SAR\SuperemeAppealReporter\src\test\resources
2019-10-15 11:59:32,745 [Worker-40] INFO  o.e.m.c.i.embedder.EclipseLogger - Using 'UTF-8' encoding to copy filtered resources.
2019-10-15 11:59:32,747 [Worker-40] INFO  o.e.m.c.i.embedder.EclipseLogger - Copying 1 resource
2019-10-15 11:59:32,750 [Worker-40] INFO  o.e.m.c.i.embedder.EclipseLogger - Copying 7 resources
2019-10-15 11:59:32,753 [Worker-40] INFO  o.e.m.c.i.embedder.EclipseLogger - Using 'UTF-8' encoding to copy filtered resources.
2019-10-15 11:59:32,753 [Worker-40] INFO  o.e.m.c.i.embedder.EclipseLogger - skip non existing resourceDirectory C:\Users\saurabh.srivastava\Videos\SAR\SuperemeAppealReporter\src\test\resources
2019-10-15 11:59:39,466 [Worker-39] INFO  o.e.m.c.i.embedder.EclipseLogger - Using 'UTF-8' encoding to copy filtered resources.
2019-10-15 11:59:39,468 [Worker-39] INFO  o.e.m.c.i.embedder.EclipseLogger - Copying 1 resource
2019-10-15 11:59:39,471 [Worker-39] INFO  o.e.m.c.i.embedder.EclipseLogger - Copying 7 resources
2019-10-15 11:59:39,474 [Worker-39] INFO  o.e.m.c.i.embedder.EclipseLogger - Using 'UTF-8' encoding to copy filtered resources.
2019-10-15 11:59:39,474 [Worker-39] INFO  o.e.m.c.i.embedder.EclipseLogger - skip non existing resourceDirectory C:\Users\saurabh.srivastava\Videos\SAR\SuperemeAppealReporter\src\test\resources
2019-10-15 12:00:48,429 [Worker-36] INFO  o.e.m.c.i.embedder.EclipseLogger - Using 'UTF-8' encoding to copy filtered resources.
2019-10-15 12:00:48,432 [Worker-36] INFO  o.e.m.c.i.embedder.EclipseLogger - Copying 1 resource
2019-10-15 12:00:48,441 [Worker-36] INFO  o.e.m.c.i.embedder.EclipseLogger - Copying 7 resources
2019-10-15 12:00:48,445 [Worker-36] INFO  o.e.m.c.i.embedder.EclipseLogger - Using 'UTF-8' encoding to copy filtered resources.
2019-10-15 12:00:48,446 [Worker-36] INFO  o.e.m.c.i.embedder.EclipseLogger - skip non existing resourceDirectory C:\Users\saurabh.srivastava\Videos\SAR\SuperemeAppealReporter\src\test\resources
2019-10-15 12:01:22,901 [Worker-41] INFO  o.e.m.c.i.embedder.EclipseLogger - Using 'UTF-8' encoding to copy filtered resources.
2019-10-15 12:01:22,905 [Worker-41] INFO  o.e.m.c.i.embedder.EclipseLogger - Copying 1 resource
2019-10-15 12:01:22,913 [Worker-41] INFO  o.e.m.c.i.embedder.EclipseLogger - Copying 7 resources
2019-10-15 12:01:22,918 [Worker-41] INFO  o.e.m.c.i.embedder.EclipseLogger - Using 'UTF-8' encoding to copy filtered resources.
2019-10-15 12:01:22,918 [Worker-41] INFO  o.e.m.c.i.embedder.EclipseLogger - skip non existing resourceDirectory C:\Users\saurabh.srivastava\Videos\SAR\SuperemeAppealReporter\src\test\resources
2019-10-15 12:02:23,989 [Worker-37] INFO  o.e.m.c.i.embedder.EclipseLogger - Using 'UTF-8' encoding to copy filtered resources.
2019-10-15 12:02:23,991 [Worker-37] INFO  o.e.m.c.i.embedder.EclipseLogger - Copying 1 resource
2019-10-15 12:02:23,998 [Worker-37] INFO  o.e.m.c.i.embedder.EclipseLogger - Copying 7 resources
2019-10-15 12:02:24,001 [Worker-37] INFO  o.e.m.c.i.embedder.EclipseLogger - Using 'UTF-8' encoding to copy filtered resources.
2019-10-15 12:02:24,001 [Worker-37] INFO  o.e.m.c.i.embedder.EclipseLogger - skip non existing resourceDirectory C:\Users\saurabh.srivastava\Videos\SAR\SuperemeAppealReporter\src\test\resources
